<?xml version="1.0" encoding="UTF-8"?>
<!-- Generated by org.testng.reporters.JUnitXMLReporter -->
<testsuite hostname="osamas-MacBook-Pro.local" ignored="0" name="Validating Prepaid Page" tests="1" failures="1" timestamp="2020-03-04T16:56:50 EST" time="4.807" errors="0">
  <testcase name="basePrepaidPage" time="1.661" classname="Prod.Prod_Prepaid">
    <failure type="org.openqa.selenium.NoSuchElementException" message="Cannot locate an element using xpath=//*[@id=&amp;apos;scroller&amp;apos;]/main/div[2]/div[2]/div[1]/div[2]/ng-tag/div/span[2]
For documentation on this error, please visit: https://selenium.dev/exceptions/#no_such_element
Build info: version: &amp;apos;4.0.0-alpha-4&amp;apos;, revision: &amp;apos;c2d955b49e&amp;apos;
System info: host: &amp;apos;osamas-MacBook-Pro.local&amp;apos;, ip: &amp;apos;fe80:0:0:0:1c51:7eb0:4c0f:24d5%en0&amp;apos;, os.name: &amp;apos;Mac OS X&amp;apos;, os.arch: &amp;apos;x86_64&amp;apos;, os.version: &amp;apos;10.15.2&amp;apos;, java.version: &amp;apos;1.8.0_221&amp;apos;
Driver info: driver.version: RemoteWebDriver">
      <![CDATA[org.openqa.selenium.NoSuchElementException: Cannot locate an element using xpath=//*[@id='scroller']/main/div[2]/div[2]/div[1]/div[2]/ng-tag/div/span[2]
For documentation on this error, please visit: https://selenium.dev/exceptions/#no_such_element
Build info: version: '4.0.0-alpha-4', revision: 'c2d955b49e'
System info: host: 'osamas-MacBook-Pro.local', ip: 'fe80:0:0:0:1c51:7eb0:4c0f:24d5%en0', os.name: 'Mac OS X', os.arch: 'x86_64', os.version: '10.15.2', java.version: '1.8.0_221'
Driver info: driver.version: RemoteWebDriver
at org.openqa.selenium.remote.RemoteWebDriver.findElement(RemoteWebDriver.java:336)
at org.openqa.selenium.remote.RemoteWebDriver.findElementByXPath(RemoteWebDriver.java:451)
at org.openqa.selenium.By$ByXPath.findElement(By.java:394)
at org.openqa.selenium.remote.RemoteWebDriver.findElement(RemoteWebDriver.java:325)
at pageObjects.savings_elements.vpn_cancel(savings_elements.java:72)
at Prod.Prod_Prepaid.basePrepaidPage(Prod_Prepaid.java:48)
at java.util.ArrayList.forEach(ArrayList.java:1257)
... Removed 31 stack frames]]>
    </failure>
  </testcase> <!-- basePrepaidPage -->
</testsuite> <!-- Validating Prepaid Page -->
