<?xml version="1.0" encoding="UTF-8"?>
<!-- Generated by org.testng.reporters.JUnitReportReporter -->
<testsuite skipped="1" hostname="osamas-MacBook-Pro.local" name="Prod.Prod_Prepaid" tests="2" failures="0" timestamp="2020-08-29T14:02:49 PKT" time="12.612" errors="1">
  <testcase name="initializa" time="12.612" classname="Prod.Prod_Prepaid">
    <error type="org.openqa.selenium.SessionNotCreatedException" message="session not created: This version of ChromeDriver only supports Chrome version 79
Build info: version: &#039;4.0.0-alpha-4&#039;, revision: &#039;c2d955b49e&#039;
System info: host: &#039;osamas-MacBook-Pro.local&#039;, ip: &#039;fe80:0:0:0:c70:88be:c8e7:222%en0&#039;, os.name: &#039;Mac OS X&#039;, os.arch: &#039;x86_64&#039;, os.version: &#039;10.15.5&#039;, java.version: &#039;1.8.0_191&#039;
Driver info: driver.version: ChromeDriver
remote stacktrace: 0   chromedriver                        0x000000010d71ee29 chromedriver + 3817001
1   chromedriver                        0x000000010d6b2f33 chromedriver + 3374899
2   chromedriver                        0x000000010d4338bf chromedriver + 755903
3   chromedriver                        0x000000010d393dd2 chromedriver + 101842
4   chromedriver                        0x000000010d38fb00 chromedriver + 84736
5   chromedriver                        0x000000010d3bf018 chromedriver + 278552
6   chromedriver                        0x000000010d3bbfa3 chromedriver + 266147
7   chromedriver                        0x000000010d395c0d chromedriver + 109581
8   chromedriver                        0x000000010d396ba5 chromedriver + 113573
9   chromedriver                        0x000000010d6e0f6f chromedriver + 3563375
10  chromedriver                        0x000000010d6ede3a chromedriver + 3616314
11  chromedriver                        0x000000010d6edbf7 chromedriver + 3615735
12  chromedriver                        0x000000010d6c0699 chromedriver + 3430041
13  chromedriver                        0x000000010d6ee692 chromedriver + 3618450
14  chromedriver                        0x000000010d6d4e17 chromedriver + 3513879
15  chromedriver                        0x000000010d703fe4 chromedriver + 3706852
16  chromedriver                        0x000000010d724fc7 chromedriver + 3841991
17  libsystem_pthread.dylib             0x00007fff7383c109 _pthread_start + 148
18  libsystem_pthread.dylib             0x00007fff73837b8b thread_start + 15
">
      <![CDATA[org.openqa.selenium.SessionNotCreatedException: session not created: This version of ChromeDriver only supports Chrome version 79
Build info: version: '4.0.0-alpha-4', revision: 'c2d955b49e'
System info: host: 'osamas-MacBook-Pro.local', ip: 'fe80:0:0:0:c70:88be:c8e7:222%en0', os.name: 'Mac OS X', os.arch: 'x86_64', os.version: '10.15.5', java.version: '1.8.0_191'
Driver info: driver.version: ChromeDriver
remote stacktrace: 0   chromedriver                        0x000000010d71ee29 chromedriver + 3817001
1   chromedriver                        0x000000010d6b2f33 chromedriver + 3374899
2   chromedriver                        0x000000010d4338bf chromedriver + 755903
3   chromedriver                        0x000000010d393dd2 chromedriver + 101842
4   chromedriver                        0x000000010d38fb00 chromedriver + 84736
5   chromedriver                        0x000000010d3bf018 chromedriver + 278552
6   chromedriver                        0x000000010d3bbfa3 chromedriver + 266147
7   chromedriver                        0x000000010d395c0d chromedriver + 109581
8   chromedriver                        0x000000010d396ba5 chromedriver + 113573
9   chromedriver                        0x000000010d6e0f6f chromedriver + 3563375
10  chromedriver                        0x000000010d6ede3a chromedriver + 3616314
11  chromedriver                        0x000000010d6edbf7 chromedriver + 3615735
12  chromedriver                        0x000000010d6c0699 chromedriver + 3430041
13  chromedriver                        0x000000010d6ee692 chromedriver + 3618450
14  chromedriver                        0x000000010d6d4e17 chromedriver + 3513879
15  chromedriver                        0x000000010d703fe4 chromedriver + 3706852
16  chromedriver                        0x000000010d724fc7 chromedriver + 3841991
17  libsystem_pthread.dylib             0x00007fff7383c109 _pthread_start + 148
18  libsystem_pthread.dylib             0x00007fff73837b8b thread_start + 15

at sun.reflect.NativeConstructorAccessorImpl.newInstance0(Native Method)
at sun.reflect.NativeConstructorAccessorImpl.newInstance(NativeConstructorAccessorImpl.java:62)
at sun.reflect.DelegatingConstructorAccessorImpl.newInstance(DelegatingConstructorAccessorImpl.java:45)
at java.lang.reflect.Constructor.newInstance(Constructor.java:423)
at org.openqa.selenium.remote.W3CHandshakeResponse.lambda$errorHandler$0(W3CHandshakeResponse.java:62)
at org.openqa.selenium.remote.HandshakeResponse.lambda$getResponseFunction$0(HandshakeResponse.java:30)
at org.openqa.selenium.remote.ProtocolHandshake.lambda$createSession$1(ProtocolHandshake.java:126)
at java.util.stream.ReferencePipeline$3$1.accept(ReferencePipeline.java:193)
at java.util.Spliterators$ArraySpliterator.tryAdvance(Spliterators.java:958)
at java.util.stream.ReferencePipeline.forEachWithCancel(ReferencePipeline.java:126)
at java.util.stream.AbstractPipeline.copyIntoWithCancel(AbstractPipeline.java:498)
at java.util.stream.AbstractPipeline.copyInto(AbstractPipeline.java:485)
at java.util.stream.AbstractPipeline.wrapAndCopyInto(AbstractPipeline.java:471)
at java.util.stream.FindOps$FindOp.evaluateSequential(FindOps.java:152)
at java.util.stream.AbstractPipeline.evaluate(AbstractPipeline.java:234)
at java.util.stream.ReferencePipeline.findFirst(ReferencePipeline.java:464)
at org.openqa.selenium.remote.ProtocolHandshake.createSession(ProtocolHandshake.java:128)
at org.openqa.selenium.remote.ProtocolHandshake.createSession(ProtocolHandshake.java:75)
at org.openqa.selenium.remote.HttpCommandExecutor.execute(HttpCommandExecutor.java:139)
at org.openqa.selenium.remote.service.DriverCommandExecutor.execute(DriverCommandExecutor.java:83)
at org.openqa.selenium.remote.RemoteWebDriver.execute(RemoteWebDriver.java:582)
at org.openqa.selenium.remote.RemoteWebDriver.startSession(RemoteWebDriver.java:216)
at org.openqa.selenium.remote.RemoteWebDriver.<init>(RemoteWebDriver.java:136)
at org.openqa.selenium.chromium.ChromiumDriver.<init>(ChromiumDriver.java:75)
at org.openqa.selenium.chrome.ChromeDriver.<init>(ChromeDriver.java:163)
at org.openqa.selenium.chrome.ChromeDriver.<init>(ChromeDriver.java:150)
at org.openqa.selenium.chrome.ChromeDriver.<init>(ChromeDriver.java:105)
at resources.base.initializeDriver(base.java:35)
at Prod.Prod_Prepaid.initializa(Prod_Prepaid.java:29)
at sun.reflect.NativeMethodAccessorImpl.invoke0(Native Method)
at sun.reflect.NativeMethodAccessorImpl.invoke(NativeMethodAccessorImpl.java:62)
at sun.reflect.DelegatingMethodAccessorImpl.invoke(DelegatingMethodAccessorImpl.java:43)
at java.lang.reflect.Method.invoke(Method.java:498)
at org.testng.internal.MethodInvocationHelper.invokeMethod(MethodInvocationHelper.java:134)
at org.testng.internal.MethodInvocationHelper.invokeMethodConsideringTimeout(MethodInvocationHelper.java:63)
at org.testng.internal.ConfigInvoker.invokeConfigurationMethod(ConfigInvoker.java:348)
at org.testng.internal.ConfigInvoker.invokeConfigurations(ConfigInvoker.java:302)
at org.testng.TestRunner.invokeTestConfigurations(TestRunner.java:619)
at org.testng.TestRunner.beforeRun(TestRunner.java:609)
at org.testng.TestRunner.run(TestRunner.java:580)
at org.testng.SuiteRunner.runTest(SuiteRunner.java:384)
at org.testng.SuiteRunner.runSequentially(SuiteRunner.java:378)
at org.testng.SuiteRunner.privateRun(SuiteRunner.java:337)
at org.testng.SuiteRunner.run(SuiteRunner.java:286)
at org.testng.SuiteRunnerWorker.runSuite(SuiteRunnerWorker.java:53)
at org.testng.SuiteRunnerWorker.run(SuiteRunnerWorker.java:96)
at org.testng.TestNG.runSuitesSequentially(TestNG.java:1187)
at org.testng.TestNG.runSuitesLocally(TestNG.java:1109)
at org.testng.TestNG.runSuites(TestNG.java:1039)
at org.testng.TestNG.run(TestNG.java:1007)
at org.testng.remote.AbstractRemoteTestNG.run(AbstractRemoteTestNG.java:115)
at org.testng.remote.RemoteTestNG.initAndRun(RemoteTestNG.java:251)
at org.testng.remote.RemoteTestNG.main(RemoteTestNG.java:77)
]]>
    </error>
  </testcase> <!-- initializa -->
  <system-out/>
  <testcase name="basePrepaidPage" time="0.000" classname="Prod.Prod_Prepaid">
    <skipped/>
  </testcase> <!-- basePrepaidPage -->
  <system-out/>
</testsuite> <!-- Prod.Prod_Prepaid -->
